<?xml version="1.0" encoding="UTF-8"?>
<testsuite name="dao.FlatJbdiDAOTest" tests="3" skipped="0" failures="0" errors="0" timestamp="2024-04-29T07:45:08" hostname="DESKTOP-FRUHT2G" time="0.023">
  <properties/>
  <testcase name="addFlat()" classname="dao.FlatJbdiDAOTest" time="0.004"/>
  <testcase name="getFlat()" classname="dao.FlatJbdiDAOTest" time="0.008"/>
  <testcase name="removeFlat()" classname="dao.FlatJbdiDAOTest" time="0.009"/>
  <system-out><![CDATA[]]></system-out>
  <system-err><![CDATA[]]></system-err>
</testsuite>
