<?xml version="1.0" encoding="UTF-8"?>
<testsuite name="dao.PaymentDAOTest" tests="5" skipped="0" failures="0" errors="0" timestamp="2024-04-29T07:54:32" hostname="DESKTOP-FRUHT2G" time="0.083">
  <properties/>
  <testcase name="markAsComplete()" classname="dao.PaymentDAOTest" time="0.034"/>
  <testcase name="getMultPayment()" classname="dao.PaymentDAOTest" time="0.02"/>
  <testcase name="getPayment()" classname="dao.PaymentDAOTest" time="0.008"/>
  <testcase name="removePayment()" classname="dao.PaymentDAOTest" time="0.014"/>
  <testcase name="createPayment()" classname="dao.PaymentDAOTest" time="0.004"/>
  <system-out><![CDATA[]]></system-out>
  <system-err><![CDATA[]]></system-err>
</testsuite>
